<?xml version="1.0" encoding="UTF-8"?>
<!-- Generated by org.testng.reporters.JUnitXMLReporter -->
<testsuite hostname="DESKTOP-ECRTMBJ" ignored="0" name="Test_Subtraction_Subtracting by zero" tests="1" failures="1" timestamp="14 Apr 2019 15:05:55 GMT" time="16.002" errors="0">
  <testcase name="subtractionOfTwoNumber" time="12.433" classname="com.appium.test.mobiletesting.Calculator_Subtraction">
    <failure type="java.lang.AssertionError" message="expected [-2.54] but found [2.54]">
      <![CDATA[java.lang.AssertionError: expected [-2.54] but found [2.54]
at com.appium.test.mobiletesting.MainActivityPage.assertResult(MainActivityPage.java:202)
at com.appium.test.mobiletesting.MainActivityPage.verifyResults(MainActivityPage.java:149)
at com.appium.test.mobiletesting.Calculator_Subtraction.subtractionOfTwoNumber(Calculator_Subtraction.java:24)
... Removed 32 stack frames]]>
    </failure>
  </testcase> <!-- subtractionOfTwoNumber -->
</testsuite> <!-- Test_Subtraction_Subtracting by zero -->
