<html>
<head>
<title>TestNG:  Test_Subtraction_Subtracting two dwcimal values</title>
<link href="../testng.css" rel="stylesheet" type="text/css" />
<link href="../my-testng.css" rel="stylesheet" type="text/css" />

<style type="text/css">
.log { display: none;} 
.stack-trace { display: none;} 
</style>
<script type="text/javascript">
<!--
function flip(e) {
  current = e.style.display;
  if (current == 'block') {
    e.style.display = 'none';
    return 0;
  }
  else {
    e.style.display = 'block';
    return 1;
  }
}

function toggleBox(szDivId, elem, msg1, msg2)
{
  var res = -1;  if (document.getElementById) {
    res = flip(document.getElementById(szDivId));
  }
  else if (document.all) {
    // this is the way old msie versions work
    res = flip(document.all[szDivId]);
  }
  if(elem) {
    if(res == 0) elem.innerHTML = msg1; else elem.innerHTML = msg2;
  }

}

function toggleAllBoxes() {
  if (document.getElementsByTagName) {
    d = document.getElementsByTagName('div');
    for (i = 0; i < d.length; i++) {
      if (d[i].className == 'log') {
        flip(d[i]);
      }
    }
  }
}

// -->
</script>

</head>
<body>
<h2 align='center'>Test_Subtraction_Subtracting two dwcimal values</h2><table border='1' align="center">
<tr>
<td>Tests passed/Failed/Skipped:</td><td>0/1/0</td>
</tr><tr>
<td>Started on:</td><td>Sun Apr 14 20:35:23 IST 2019</td>
</tr>
<tr><td>Total time:</td><td>16 seconds (16129 ms)</td>
</tr><tr>
<td>Included groups:</td><td></td>
</tr><tr>
<td>Excluded groups:</td><td></td>
</tr>
</table><p/>
<small><i>(Hover the method name to see the test class name)</i></small><p/>
<table width='100%' border='1' class='invocation-failed'>
<tr><td colspan='4' align='center'><b>FAILED TESTS</b></td></tr>
<tr><td><b>Test method</b></td>
<td width="30%"><b>Exception</b></td>
<td width="10%"><b>Time (seconds)</b></td>
<td><b>Instance</b></td>
</tr>
<tr>
<td title='com.appium.test.mobiletesting.Calculator_Subtraction.subtractionOfTwoNumber()'><b>subtractionOfTwoNumber</b><br>Test class: com.appium.test.mobiletesting.Calculator_Subtraction<br>Parameters: 0.5, 2.542<br/>
<a href="#Output-885910946" onClick='toggleBox("Output-885910946", this, "Show output", "Hide output");'>Show output</a>

<a href="#Output-885910946" onClick="toggleAllBoxes();">Show all outputs</a>
<div class='log' id="Output-885910946">
Entered 1st Number: 0.5<br/>
Entered 2nd Number: 2.542<br/>
Result: 0.50 - 2.54 = 3.04<br/>
Number Entered: 0.5 .Rounded of to 2 Decimal places format: 0.50<br/>
Number Entered: 2.542 .Rounded of to 2 Decimal places format: 2.54<br/>
Actual Result: 0.50 .Expected Result: 0.50<br/>
Actual Result: 2.54 .Expected Result: 2.54<br/>
<img src="file://C:\Users\Jijo\eclipse-workspace\MobileTestingCalculator\Screenshots\20190414_203537.png" alt=""/><br/>
</div>
</td>
<td><div><pre>java.lang.AssertionError: expected [-2.04] but found [3.04]
	at com.appium.test.mobiletesting.MainActivityPage.assertResult(MainActivityPage.java:202)
	at com.appium.test.mobiletesting.MainActivityPage.verifyResults(MainActivityPage.java:149)
	at com.appium.test.mobiletesting.Calculator_Subtraction.subtractionOfTwoNumber(Calculator_Subtraction.java:24)
... Removed 32 stack frames</pre></div><a href='#' onClick='toggleBox("stack-trace885910946", this, "Click to show all stack frames", "Click to hide stack frames")'>Click to show all stack frames</a>
<div class='stack-trace' id='stack-trace885910946'><pre>java.lang.AssertionError: expected [-2.04] but found [3.04]
	at org.testng.Assert.fail(Assert.java:96)
	at org.testng.Assert.failNotEquals(Assert.java:776)
	at org.testng.Assert.assertEqualsImpl(Assert.java:137)
	at org.testng.Assert.assertEquals(Assert.java:118)
	at org.testng.Assert.assertEquals(Assert.java:453)
	at org.testng.Assert.assertEquals(Assert.java:463)
	at com.appium.test.mobiletesting.MainActivityPage.assertResult(MainActivityPage.java:202)
	at com.appium.test.mobiletesting.MainActivityPage.verifyResults(MainActivityPage.java:149)
	at com.appium.test.mobiletesting.Calculator_Subtraction.subtractionOfTwoNumber(Calculator_Subtraction.java:24)
	at sun.reflect.NativeMethodAccessorImpl.invoke0(Native Method)
	at sun.reflect.NativeMethodAccessorImpl.invoke(NativeMethodAccessorImpl.java:62)
	at sun.reflect.DelegatingMethodAccessorImpl.invoke(DelegatingMethodAccessorImpl.java:43)
	at java.lang.reflect.Method.invoke(Method.java:498)
	at org.testng.internal.MethodInvocationHelper.invokeMethod(MethodInvocationHelper.java:124)
	at org.testng.internal.Invoker.invokeMethod(Invoker.java:583)
	at org.testng.internal.Invoker.invokeTestMethod(Invoker.java:719)
	at org.testng.internal.Invoker.invokeTestMethods(Invoker.java:989)
	at org.testng.internal.TestMethodWorker.invokeTestMethods(TestMethodWorker.java:125)
	at org.testng.internal.TestMethodWorker.run(TestMethodWorker.java:109)
	at org.testng.TestRunner.privateRun(TestRunner.java:648)
	at org.testng.TestRunner.run(TestRunner.java:505)
	at org.testng.SuiteRunner.runTest(SuiteRunner.java:455)
	at org.testng.SuiteRunner.runSequentially(SuiteRunner.java:450)
	at org.testng.SuiteRunner.privateRun(SuiteRunner.java:415)
	at org.testng.SuiteRunner.run(SuiteRunner.java:364)
	at org.testng.SuiteRunnerWorker.runSuite(SuiteRunnerWorker.java:52)
	at org.testng.SuiteRunnerWorker.run(SuiteRunnerWorker.java:84)
	at org.testng.TestNG.runSuitesSequentially(TestNG.java:1208)
	at org.testng.TestNG.runSuitesSequentially(TestNG.java:1204)
	at org.testng.TestNG.runSuitesLocally(TestNG.java:1137)
	at org.testng.TestNG.runSuites(TestNG.java:1049)
	at org.testng.TestNG.run(TestNG.java:1017)
	at org.testng.remote.AbstractRemoteTestNG.run(AbstractRemoteTestNG.java:115)
	at org.testng.remote.RemoteTestNG.initAndRun(RemoteTestNG.java:251)
	at org.testng.remote.RemoteTestNG.main(RemoteTestNG.java:77)
</pre></div></td>
<td>12</td>
<td>com.appium.test.mobiletesting.Calculator_Subtraction@20398b7c</td></tr>
</table><p>
</body>
</html>