<?xml version="1.0" encoding="UTF-8"?>
<!-- Generated by org.testng.reporters.JUnitXMLReporter -->
<testsuite hostname="DESKTOP-ECRTMBJ" ignored="0" name="Test_Subtraction" tests="1" failures="1" timestamp="10 Apr 2019 16:10:48 GMT" time="14.806" errors="0">
  <testcase name="subtractionOfTwoNumber" time="12.483" classname="com.appium.test.mobiletesting.Calculator_Subtraction">
    <failure type="java.lang.AssertionError" message="expected [2.00] but found [6.00]">
      <![CDATA[java.lang.AssertionError: expected [2.00] but found [6.00]
at com.appium.test.mobiletesting.MainActivityPage.assertResult(MainActivityPage.java:175)
at com.appium.test.mobiletesting.MainActivityPage.verifyResults(MainActivityPage.java:137)
at com.appium.test.mobiletesting.Calculator_Subtraction.subtractionOfTwoNumber(Calculator_Subtraction.java:21)
... Removed 31 stack frames]]>
    </failure>
  </testcase> <!-- subtractionOfTwoNumber -->
</testsuite> <!-- Test_Subtraction -->
