<?xml version="1.0" encoding="UTF-8"?>
<!-- Generated by org.testng.reporters.JUnitXMLReporter -->
<testsuite hostname="DESKTOP-ECRTMBJ" ignored="0" name="Test_Multiplication" tests="1" failures="1" timestamp="14 Apr 2019 14:57:07 GMT" time="17.72" errors="0">
  <testcase name="multiplicationOfTwoNumber" time="14.229" classname="com.appium.test.mobiletesting.Calculator_Multiplication">
    <failure type="java.lang.AssertionError" message="expected [10.60] but found [10.59]">
      <![CDATA[java.lang.AssertionError: expected [10.60] but found [10.59]
at com.appium.test.mobiletesting.MainActivityPage.assertResult(MainActivityPage.java:202)
at com.appium.test.mobiletesting.MainActivityPage.verifyResults(MainActivityPage.java:154)
at com.appium.test.mobiletesting.Calculator_Multiplication.multiplicationOfTwoNumber(Calculator_Multiplication.java:25)
... Removed 32 stack frames]]>
    </failure>
  </testcase> <!-- multiplicationOfTwoNumber -->
</testsuite> <!-- Test_Multiplication -->
